<?xml version="1.0" encoding="UTF-8"?>
<testsuite name="TestMaximumTest" tests="1" skipped="0" failures="0" errors="0" timestamp="2020-08-13T17:36:31" hostname="SUJITGARGATE" time="0.002">
  <properties/>
  <testcase name="stringAt3rd_Position_Method_Should_Return_MaximumNumber" classname="TestMaximumTest" time="0.002"/>
  <system-out><![CDATA[]]></system-out>
  <system-err><![CDATA[]]></system-err>
</testsuite>
