<?xml version="1.0" encoding="UTF-8"?>
<testsuite name="TestMaximumTest" tests="9" skipped="0" failures="0" errors="0" timestamp="2020-08-14T03:55:03" hostname="SUJITGARGATE" time="0.005">
  <properties/>
  <testcase name="stringAt1st_Position_Method_Should_Return_Max_String" classname="TestMaximumTest" time="0.002"/>
  <testcase name="numberAt2nd_Method_Should_Return_MaximumNumber" classname="TestMaximumTest" time="0.0"/>
  <testcase name="stringAt3rd_Position_Method_Should_Return_Max_String" classname="TestMaximumTest" time="0.0"/>
  <testcase name="floatNumberAt3rd_Position_Method_Should_Return_MaximumNumber" classname="TestMaximumTest" time="0.0"/>
  <testcase name="numberAt1st_Method_Should_Return_MaximumNumber" classname="TestMaximumTest" time="0.0"/>
  <testcase name="floatNumberAt1st_Position_Method_Should_Return_MaximumNumber" classname="TestMaximumTest" time="0.0"/>
  <testcase name="numberAt3rd_Method_Should_Return_MaximumNumber" classname="TestMaximumTest" time="0.001"/>
  <testcase name="stringAt2nd_Position_Method_Should_Return_Max_String" classname="TestMaximumTest" time="0.0"/>
  <testcase name="floatNumberAt2nd_Position_Method_Should_Return_MaximumNumber" classname="TestMaximumTest" time="0.0"/>
  <system-out><![CDATA[]]></system-out>
  <system-err><![CDATA[]]></system-err>
</testsuite>
