<?xml version="1.0" encoding="UTF-8"?>
<testsuite name="TestMaximumTest" tests="3" skipped="0" failures="0" errors="0" timestamp="2020-08-13T15:08:39" hostname="SUJITGARGATE" time="0.017">
  <properties/>
  <testcase name="numberAt2nd_Method_Should_Return_MaximumNumber" classname="TestMaximumTest" time="0.008"/>
  <testcase name="numberAt1st_Method_Should_Return_MaximumNumber" classname="TestMaximumTest" time="0.001"/>
  <testcase name="numberAt3rd_Method_Should_Return_MaximumNumber" classname="TestMaximumTest" time="0.0"/>
  <system-out><![CDATA[]]></system-out>
  <system-err><![CDATA[]]></system-err>
</testsuite>
